<?xml version="1.0" encoding="UTF-8"?>
<testng-results skipped="0" failed="0" ignored="0" total="1" passed="1">
  <reporter-output>
  </reporter-output>
  <suite name="Default suite" duration-ms="1632" started-at="2023-07-20T04:01:19Z" finished-at="2023-07-20T04:01:20Z">
    <groups>
    </groups>
    <test name="Default test" duration-ms="1632" started-at="2023-07-20T04:01:19Z" finished-at="2023-07-20T04:01:20Z">
      <class name="EndToEndTest.EndToEndTest">
        <test-method status="PASS" signature="EndToEndTest1()[pri:0, instance:EndToEndTest.EndToEndTest@3e3047e6]" name="EndToEndTest1" duration-ms="1614" started-at="2023-07-20T04:01:19Z" finished-at="2023-07-20T04:01:20Z">
          <reporter-output>
          </reporter-output>
        </test-method> <!-- EndToEndTest1 -->
      </class> <!-- EndToEndTest.EndToEndTest -->
    </test> <!-- Default test -->
  </suite> <!-- Default suite -->
</testng-results>
